2026-04-01 21:16:19,437 INFO o.a.j.u.JMeterUtils: Setting Locale to en_EN
2026-04-01 21:16:19,465 INFO o.a.j.JMeter: Loading user properties from: /tmp/tools/apache-jmeter-5.6.3/bin/user.properties
2026-04-01 21:16:19,465 INFO o.a.j.JMeter: Loading system properties from: /tmp/tools/apache-jmeter-5.6.3/bin/system.properties
2026-04-01 21:16:19,466 INFO o.a.j.JMeter: Setting JMeter property: host=localhost
2026-04-01 21:16:19,466 INFO o.a.j.JMeter: Setting JMeter property: port=8080
2026-04-01 21:16:19,466 INFO o.a.j.JMeter: Setting JMeter property: movieId=113
2026-04-01 21:16:19,466 INFO o.a.j.JMeter: Setting JMeter property: threads=50
2026-04-01 21:16:19,466 INFO o.a.j.JMeter: Setting JMeter property: incrementsPerThread=5
2026-04-01 21:16:19,466 INFO o.a.j.JMeter: Setting JMeter property: requestsPerMode=5
2026-04-01 21:16:19,466 INFO o.a.j.JMeter: Setting JMeter property: sample_variables=mode,expectedCount,actualCount,lostUpdates,durationMs
2026-04-01 21:16:19,466 INFO o.a.j.JMeter: Setting JMeter property: jmeter.save.saveservice.output_format=csv
2026-04-01 21:16:19,466 INFO o.a.j.JMeter: Setting JMeter property: jmeter.save.saveservice.print_field_names=true
2026-04-01 21:16:19,474 INFO o.a.j.JMeter: Copyright (c) 1998-2024 The Apache Software Foundation
2026-04-01 21:16:19,474 INFO o.a.j.JMeter: Version 5.6.3
2026-04-01 21:16:19,474 INFO o.a.j.JMeter: java.version=17.0.11
2026-04-01 21:16:19,474 INFO o.a.j.JMeter: java.vm.name=OpenJDK 64-Bit Server VM
2026-04-01 21:16:19,474 INFO o.a.j.JMeter: os.name=Linux
2026-04-01 21:16:19,475 INFO o.a.j.JMeter: os.arch=amd64
2026-04-01 21:16:19,475 INFO o.a.j.JMeter: os.version=6.14.0-37-generic
2026-04-01 21:16:19,475 INFO o.a.j.JMeter: file.encoding=UTF-8
2026-04-01 21:16:19,475 INFO o.a.j.JMeter: java.awt.headless=true
2026-04-01 21:16:19,475 INFO o.a.j.JMeter: Max memory     =1073741824
2026-04-01 21:16:19,475 INFO o.a.j.JMeter: Available Processors =22
2026-04-01 21:16:19,485 INFO o.a.j.JMeter: Default Locale=English (EN)
2026-04-01 21:16:19,485 INFO o.a.j.JMeter: JMeter  Locale=English (EN)
2026-04-01 21:16:19,485 INFO o.a.j.JMeter: JMeterHome=/tmp/tools/apache-jmeter-5.6.3
2026-04-01 21:16:19,485 INFO o.a.j.JMeter: user.dir  =/home/kiribu/bsuir/sem4/java/project
2026-04-01 21:16:19,485 INFO o.a.j.JMeter: PWD       =/home/kiribu/bsuir/sem4/java/project
2026-04-01 21:16:19,486 INFO o.a.j.JMeter: IP: 127.0.1.1 Name: kiribu FullName: kiribu
2026-04-01 21:16:19,499 INFO o.a.j.s.FileServer: Default base='/home/kiribu/bsuir/sem4/java/project'
2026-04-01 21:16:19,501 INFO o.a.j.s.FileServer: Set new base='/home/kiribu/bsuir/sem4/java/project/jmeter'
2026-04-01 21:16:19,677 INFO o.a.j.s.SaveService: Testplan (JMX) version: 2.2. Testlog (JTL) version: 2.2
2026-04-01 21:16:19,702 INFO o.a.j.s.SaveService: Using SaveService properties version 5.0
2026-04-01 21:16:19,705 INFO o.a.j.s.SaveService: Using SaveService properties file encoding UTF-8
2026-04-01 21:16:19,708 INFO o.a.j.s.SaveService: Loading file: jmeter/lab6-race-demo.jmx
2026-04-01 21:16:19,770 INFO o.a.j.p.h.s.HTTPSamplerBase: Parser for text/html is org.apache.jmeter.protocol.http.parser.LagartoBasedHtmlParser
2026-04-01 21:16:19,771 INFO o.a.j.p.h.s.HTTPSamplerBase: Parser for application/xhtml+xml is org.apache.jmeter.protocol.http.parser.LagartoBasedHtmlParser
2026-04-01 21:16:19,771 INFO o.a.j.p.h.s.HTTPSamplerBase: Parser for application/xml is org.apache.jmeter.protocol.http.parser.LagartoBasedHtmlParser
2026-04-01 21:16:19,771 INFO o.a.j.p.h.s.HTTPSamplerBase: Parser for text/xml is org.apache.jmeter.protocol.http.parser.LagartoBasedHtmlParser
2026-04-01 21:16:19,771 INFO o.a.j.p.h.s.HTTPSamplerBase: Parser for text/vnd.wap.wml is org.apache.jmeter.protocol.http.parser.RegexpHTMLParser
2026-04-01 21:16:19,771 INFO o.a.j.p.h.s.HTTPSamplerBase: Parser for text/css is org.apache.jmeter.protocol.http.parser.CssParser
2026-04-01 21:16:19,824 INFO o.a.j.JMeter: Creating summariser <summary>
2026-04-01 21:16:19,838 INFO o.a.j.e.StandardJMeterEngine: Running the test!
2026-04-01 21:16:19,840 INFO o.a.j.s.SampleEvent: List of sample_variables: [mode, expectedCount, actualCount, lostUpdates, durationMs]
2026-04-01 21:16:19,840 INFO o.a.j.s.SampleEvent: List of sample_variables: [mode, expectedCount, actualCount, lostUpdates, durationMs]
2026-04-01 21:16:19,848 INFO o.a.j.e.u.CompoundVariable: Note: Function class names must contain the string: '.functions.'
2026-04-01 21:16:19,848 INFO o.a.j.e.u.CompoundVariable: Note: Function class names must not contain the string: '.gui.'
2026-04-01 21:16:20,118 INFO o.a.j.JMeter: Running test (1775067380118)
2026-04-01 21:16:20,139 INFO o.a.j.e.StandardJMeterEngine: Starting ThreadGroup: 1 : Thread Group A - unsafe
2026-04-01 21:16:20,140 INFO o.a.j.e.StandardJMeterEngine: Starting 1 threads for group Thread Group A - unsafe.
2026-04-01 21:16:20,140 INFO o.a.j.e.StandardJMeterEngine: Thread will continue on error
2026-04-01 21:16:20,140 INFO o.a.j.t.ThreadGroup: Starting thread group... number=1 threads=1 ramp-up=1 delayedStart=false
2026-04-01 21:16:20,144 INFO o.a.j.t.ThreadGroup: Started thread group number 1
2026-04-01 21:16:20,145 INFO o.a.j.e.StandardJMeterEngine: Waiting for thread group: Thread Group A - unsafe to finish before starting next group
2026-04-01 21:16:20,147 INFO o.a.j.t.JMeterThread: Thread started: Thread Group A - unsafe 1-1
2026-04-01 21:16:20,162 INFO o.a.j.p.h.s.HTTPHCAbstractImpl: Local host = kiribu
2026-04-01 21:16:20,170 INFO o.a.j.p.h.s.HTTPHC4Impl: HTTP request retry count = 0
2026-04-01 21:16:20,171 INFO o.a.j.s.SampleResult: Note: Sample TimeStamps are START times
2026-04-01 21:16:20,172 INFO o.a.j.s.SampleResult: sampleresult.default.encoding is set to UTF-8
2026-04-01 21:16:20,172 INFO o.a.j.s.SampleResult: sampleresult.useNanoTime=true
2026-04-01 21:16:20,172 INFO o.a.j.s.SampleResult: sampleresult.nanoThreadSleep=5000
2026-04-01 21:16:20,938 ERROR o.a.j.e.JSR223PostProcessor: Problem in JSR223 script, Extract race metrics (unsafe)
javax.script.ScriptException: groovy.json.JsonException: Unable to determine the current character, it is not a string, number, array, or object

The current character read is 'o' with an int value of 111
Unable to determine the current character, it is not a string, number, array, or object
line number 1
index number 0
org.apache.http.conn.HttpHostConnectException: Connect to localhost:8080 [localhost/127.0.0.1] failed: Connection refused
^
	at org.codehaus.groovy.jsr223.GroovyScriptEngineImpl.eval(GroovyScriptEngineImpl.java:320) ~[groovy-jsr223-3.0.20.jar:3.0.20]
	at org.codehaus.groovy.jsr223.GroovyCompiledScript.eval(GroovyCompiledScript.java:71) ~[groovy-jsr223-3.0.20.jar:3.0.20]
	at java.scripting/javax.script.CompiledScript.eval(CompiledScript.java:93) ~[java.scripting:?]
	at org.apache.jmeter.util.JSR223TestElement.processFileOrScript(JSR223TestElement.java:230) ~[ApacheJMeter_core.jar:5.6.3]
	at org.apache.jmeter.extractor.JSR223PostProcessor.process(JSR223PostProcessor.java:45) [ApacheJMeter_components.jar:5.6.3]
	at org.apache.jmeter.threads.JMeterThread.runPostProcessors(JMeterThread.java:973) [ApacheJMeter_core.jar:5.6.3]
	at org.apache.jmeter.threads.JMeterThread.executeSamplePackage(JMeterThread.java:585) [ApacheJMeter_core.jar:5.6.3]
	at org.apache.jmeter.threads.JMeterThread.processSampler(JMeterThread.java:501) [ApacheJMeter_core.jar:5.6.3]
	at org.apache.jmeter.threads.JMeterThread.run(JMeterThread.java:268) [ApacheJMeter_core.jar:5.6.3]
	at java.base/java.lang.Thread.run(Thread.java:840) [?:?]
Caused by: groovy.json.JsonException: Unable to determine the current character, it is not a string, number, array, or object

The current character read is 'o' with an int value of 111
Unable to determine the current character, it is not a string, number, array, or object
line number 1
index number 0
org.apache.http.conn.HttpHostConnectException: Connect to localhost:8080 [localhost/127.0.0.1] failed: Connection refused
^
	at org.apache.groovy.json.internal.JsonParserCharArray.decodeValueInternal(JsonParserCharArray.java:202) ~[groovy-json-3.0.20.jar:3.0.20]
	at org.apache.groovy.json.internal.JsonParserCharArray.decodeValue(JsonParserCharArray.java:153) ~[groovy-json-3.0.20.jar:3.0.20]
	at org.apache.groovy.json.internal.JsonParserCharArray.decodeFromChars(JsonParserCharArray.java:43) ~[groovy-json-3.0.20.jar:3.0.20]
	at org.apache.groovy.json.internal.JsonParserCharArray.parse(JsonParserCharArray.java:380) ~[groovy-json-3.0.20.jar:3.0.20]
	at org.apache.groovy.json.internal.BaseJsonParser.parse(BaseJsonParser.java:113) ~[groovy-json-3.0.20.jar:3.0.20]
	at groovy.json.JsonSlurper.parseText(JsonSlurper.java:204) ~[groovy-json-3.0.20.jar:3.0.20]
	at groovy.json.JsonSlurper$parseText.call(Unknown Source) ~[?:?]
	at org.codehaus.groovy.runtime.callsite.CallSiteArray.defaultCall(CallSiteArray.java:47) ~[groovy-3.0.20.jar:3.0.20]
	at org.codehaus.groovy.runtime.callsite.AbstractCallSite.call(AbstractCallSite.java:125) ~[groovy-3.0.20.jar:3.0.20]
	at org.codehaus.groovy.runtime.callsite.AbstractCallSite.call(AbstractCallSite.java:139) ~[groovy-3.0.20.jar:3.0.20]
	at Script1.run(Script1.groovy:3) ~[?:?]
	at org.codehaus.groovy.jsr223.GroovyScriptEngineImpl.eval(GroovyScriptEngineImpl.java:317) ~[groovy-jsr223-3.0.20.jar:3.0.20]
	... 9 more
2026-04-01 21:16:20,951 ERROR o.a.j.e.JSR223PostProcessor: Problem in JSR223 script, Extract race metrics (unsafe)
javax.script.ScriptException: groovy.json.JsonException: Unable to determine the current character, it is not a string, number, array, or object

The current character read is 'o' with an int value of 111
Unable to determine the current character, it is not a string, number, array, or object
line number 1
index number 0
org.apache.http.conn.HttpHostConnectException: Connect to localhost:8080 [localhost/127.0.0.1] failed: Connection refused
^
	at org.codehaus.groovy.jsr223.GroovyScriptEngineImpl.eval(GroovyScriptEngineImpl.java:320) ~[groovy-jsr223-3.0.20.jar:3.0.20]
	at org.codehaus.groovy.jsr223.GroovyCompiledScript.eval(GroovyCompiledScript.java:71) ~[groovy-jsr223-3.0.20.jar:3.0.20]
	at java.scripting/javax.script.CompiledScript.eval(CompiledScript.java:93) ~[java.scripting:?]
	at org.apache.jmeter.util.JSR223TestElement.processFileOrScript(JSR223TestElement.java:230) ~[ApacheJMeter_core.jar:5.6.3]
	at org.apache.jmeter.extractor.JSR223PostProcessor.process(JSR223PostProcessor.java:45) [ApacheJMeter_components.jar:5.6.3]
	at org.apache.jmeter.threads.JMeterThread.runPostProcessors(JMeterThread.java:973) [ApacheJMeter_core.jar:5.6.3]
	at org.apache.jmeter.threads.JMeterThread.executeSamplePackage(JMeterThread.java:585) [ApacheJMeter_core.jar:5.6.3]
	at org.apache.jmeter.threads.JMeterThread.processSampler(JMeterThread.java:501) [ApacheJMeter_core.jar:5.6.3]
	at org.apache.jmeter.threads.JMeterThread.run(JMeterThread.java:268) [ApacheJMeter_core.jar:5.6.3]
	at java.base/java.lang.Thread.run(Thread.java:840) [?:?]
Caused by: groovy.json.JsonException: Unable to determine the current character, it is not a string, number, array, or object

The current character read is 'o' with an int value of 111
Unable to determine the current character, it is not a string, number, array, or object
line number 1
index number 0
org.apache.http.conn.HttpHostConnectException: Connect to localhost:8080 [localhost/127.0.0.1] failed: Connection refused
^
	at org.apache.groovy.json.internal.JsonParserCharArray.decodeValueInternal(JsonParserCharArray.java:202) ~[groovy-json-3.0.20.jar:3.0.20]
	at org.apache.groovy.json.internal.JsonParserCharArray.decodeValue(JsonParserCharArray.java:153) ~[groovy-json-3.0.20.jar:3.0.20]
	at org.apache.groovy.json.internal.JsonParserCharArray.decodeFromChars(JsonParserCharArray.java:43) ~[groovy-json-3.0.20.jar:3.0.20]
	at org.apache.groovy.json.internal.JsonParserCharArray.parse(JsonParserCharArray.java:380) ~[groovy-json-3.0.20.jar:3.0.20]
	at org.apache.groovy.json.internal.BaseJsonParser.parse(BaseJsonParser.java:113) ~[groovy-json-3.0.20.jar:3.0.20]
	at groovy.json.JsonSlurper.parseText(JsonSlurper.java:204) ~[groovy-json-3.0.20.jar:3.0.20]
	at groovy.json.JsonSlurper$parseText.call(Unknown Source) ~[?:?]
	at Script1.run(Script1.groovy:3) ~[?:?]
	at org.codehaus.groovy.jsr223.GroovyScriptEngineImpl.eval(GroovyScriptEngineImpl.java:317) ~[groovy-jsr223-3.0.20.jar:3.0.20]
	... 9 more
2026-04-01 21:16:20,956 ERROR o.a.j.e.JSR223PostProcessor: Problem in JSR223 script, Extract race metrics (unsafe)
javax.script.ScriptException: groovy.json.JsonException: Unable to determine the current character, it is not a string, number, array, or object

The current character read is 'o' with an int value of 111
Unable to determine the current character, it is not a string, number, array, or object
line number 1
index number 0
org.apache.http.conn.HttpHostConnectException: Connect to localhost:8080 [localhost/127.0.0.1] failed: Connection refused
^
	at org.codehaus.groovy.jsr223.GroovyScriptEngineImpl.eval(GroovyScriptEngineImpl.java:320) ~[groovy-jsr223-3.0.20.jar:3.0.20]
	at org.codehaus.groovy.jsr223.GroovyCompiledScript.eval(GroovyCompiledScript.java:71) ~[groovy-jsr223-3.0.20.jar:3.0.20]
	at java.scripting/javax.script.CompiledScript.eval(CompiledScript.java:93) ~[java.scripting:?]
	at org.apache.jmeter.util.JSR223TestElement.processFileOrScript(JSR223TestElement.java:230) ~[ApacheJMeter_core.jar:5.6.3]
	at org.apache.jmeter.extractor.JSR223PostProcessor.process(JSR223PostProcessor.java:45) [ApacheJMeter_components.jar:5.6.3]
	at org.apache.jmeter.threads.JMeterThread.runPostProcessors(JMeterThread.java:973) [ApacheJMeter_core.jar:5.6.3]
	at org.apache.jmeter.threads.JMeterThread.executeSamplePackage(JMeterThread.java:585) [ApacheJMeter_core.jar:5.6.3]
	at org.apache.jmeter.threads.JMeterThread.processSampler(JMeterThread.java:501) [ApacheJMeter_core.jar:5.6.3]
	at org.apache.jmeter.threads.JMeterThread.run(JMeterThread.java:268) [ApacheJMeter_core.jar:5.6.3]
	at java.base/java.lang.Thread.run(Thread.java:840) [?:?]
Caused by: groovy.json.JsonException: Unable to determine the current character, it is not a string, number, array, or object

The current character read is 'o' with an int value of 111
Unable to determine the current character, it is not a string, number, array, or object
line number 1
index number 0
org.apache.http.conn.HttpHostConnectException: Connect to localhost:8080 [localhost/127.0.0.1] failed: Connection refused
^
	at org.apache.groovy.json.internal.JsonParserCharArray.decodeValueInternal(JsonParserCharArray.java:202) ~[groovy-json-3.0.20.jar:3.0.20]
	at org.apache.groovy.json.internal.JsonParserCharArray.decodeValue(JsonParserCharArray.java:153) ~[groovy-json-3.0.20.jar:3.0.20]
	at org.apache.groovy.json.internal.JsonParserCharArray.decodeFromChars(JsonParserCharArray.java:43) ~[groovy-json-3.0.20.jar:3.0.20]
	at org.apache.groovy.json.internal.JsonParserCharArray.parse(JsonParserCharArray.java:380) ~[groovy-json-3.0.20.jar:3.0.20]
	at org.apache.groovy.json.internal.BaseJsonParser.parse(BaseJsonParser.java:113) ~[groovy-json-3.0.20.jar:3.0.20]
	at groovy.json.JsonSlurper.parseText(JsonSlurper.java:204) ~[groovy-json-3.0.20.jar:3.0.20]
	at groovy.json.JsonSlurper$parseText.call(Unknown Source) ~[?:?]
	at Script1.run(Script1.groovy:3) ~[?:?]
	at org.codehaus.groovy.jsr223.GroovyScriptEngineImpl.eval(GroovyScriptEngineImpl.java:317) ~[groovy-jsr223-3.0.20.jar:3.0.20]
	... 9 more
2026-04-01 21:16:20,959 ERROR o.a.j.e.JSR223PostProcessor: Problem in JSR223 script, Extract race metrics (unsafe)
javax.script.ScriptException: groovy.json.JsonException: Unable to determine the current character, it is not a string, number, array, or object

The current character read is 'o' with an int value of 111
Unable to determine the current character, it is not a string, number, array, or object
line number 1
index number 0
org.apache.http.conn.HttpHostConnectException: Connect to localhost:8080 [localhost/127.0.0.1] failed: Connection refused
^
	at org.codehaus.groovy.jsr223.GroovyScriptEngineImpl.eval(GroovyScriptEngineImpl.java:320) ~[groovy-jsr223-3.0.20.jar:3.0.20]
	at org.codehaus.groovy.jsr223.GroovyCompiledScript.eval(GroovyCompiledScript.java:71) ~[groovy-jsr223-3.0.20.jar:3.0.20]
	at java.scripting/javax.script.CompiledScript.eval(CompiledScript.java:93) ~[java.scripting:?]
	at org.apache.jmeter.util.JSR223TestElement.processFileOrScript(JSR223TestElement.java:230) ~[ApacheJMeter_core.jar:5.6.3]
	at org.apache.jmeter.extractor.JSR223PostProcessor.process(JSR223PostProcessor.java:45) [ApacheJMeter_components.jar:5.6.3]
	at org.apache.jmeter.threads.JMeterThread.runPostProcessors(JMeterThread.java:973) [ApacheJMeter_core.jar:5.6.3]
	at org.apache.jmeter.threads.JMeterThread.executeSamplePackage(JMeterThread.java:585) [ApacheJMeter_core.jar:5.6.3]
	at org.apache.jmeter.threads.JMeterThread.processSampler(JMeterThread.java:501) [ApacheJMeter_core.jar:5.6.3]
	at org.apache.jmeter.threads.JMeterThread.run(JMeterThread.java:268) [ApacheJMeter_core.jar:5.6.3]
	at java.base/java.lang.Thread.run(Thread.java:840) [?:?]
Caused by: groovy.json.JsonException: Unable to determine the current character, it is not a string, number, array, or object

The current character read is 'o' with an int value of 111
Unable to determine the current character, it is not a string, number, array, or object
line number 1
index number 0
org.apache.http.conn.HttpHostConnectException: Connect to localhost:8080 [localhost/127.0.0.1] failed: Connection refused
^
	at org.apache.groovy.json.internal.JsonParserCharArray.decodeValueInternal(JsonParserCharArray.java:202) ~[groovy-json-3.0.20.jar:3.0.20]
	at org.apache.groovy.json.internal.JsonParserCharArray.decodeValue(JsonParserCharArray.java:153) ~[groovy-json-3.0.20.jar:3.0.20]
	at org.apache.groovy.json.internal.JsonParserCharArray.decodeFromChars(JsonParserCharArray.java:43) ~[groovy-json-3.0.20.jar:3.0.20]
	at org.apache.groovy.json.internal.JsonParserCharArray.parse(JsonParserCharArray.java:380) ~[groovy-json-3.0.20.jar:3.0.20]
	at org.apache.groovy.json.internal.BaseJsonParser.parse(BaseJsonParser.java:113) ~[groovy-json-3.0.20.jar:3.0.20]
	at groovy.json.JsonSlurper.parseText(JsonSlurper.java:204) ~[groovy-json-3.0.20.jar:3.0.20]
	at groovy.json.JsonSlurper$parseText.call(Unknown Source) ~[?:?]
	at Script1.run(Script1.groovy:3) ~[?:?]
	at org.codehaus.groovy.jsr223.GroovyScriptEngineImpl.eval(GroovyScriptEngineImpl.java:317) ~[groovy-jsr223-3.0.20.jar:3.0.20]
	... 9 more
2026-04-01 21:16:20,964 ERROR o.a.j.e.JSR223PostProcessor: Problem in JSR223 script, Extract race metrics (unsafe)
javax.script.ScriptException: groovy.json.JsonException: Unable to determine the current character, it is not a string, number, array, or object

The current character read is 'o' with an int value of 111
Unable to determine the current character, it is not a string, number, array, or object
line number 1
index number 0
org.apache.http.conn.HttpHostConnectException: Connect to localhost:8080 [localhost/127.0.0.1] failed: Connection refused
^
	at org.codehaus.groovy.jsr223.GroovyScriptEngineImpl.eval(GroovyScriptEngineImpl.java:320) ~[groovy-jsr223-3.0.20.jar:3.0.20]
	at org.codehaus.groovy.jsr223.GroovyCompiledScript.eval(GroovyCompiledScript.java:71) ~[groovy-jsr223-3.0.20.jar:3.0.20]
	at java.scripting/javax.script.CompiledScript.eval(CompiledScript.java:93) ~[java.scripting:?]
	at org.apache.jmeter.util.JSR223TestElement.processFileOrScript(JSR223TestElement.java:230) ~[ApacheJMeter_core.jar:5.6.3]
	at org.apache.jmeter.extractor.JSR223PostProcessor.process(JSR223PostProcessor.java:45) [ApacheJMeter_components.jar:5.6.3]
	at org.apache.jmeter.threads.JMeterThread.runPostProcessors(JMeterThread.java:973) [ApacheJMeter_core.jar:5.6.3]
	at org.apache.jmeter.threads.JMeterThread.executeSamplePackage(JMeterThread.java:585) [ApacheJMeter_core.jar:5.6.3]
	at org.apache.jmeter.threads.JMeterThread.processSampler(JMeterThread.java:501) [ApacheJMeter_core.jar:5.6.3]
	at org.apache.jmeter.threads.JMeterThread.run(JMeterThread.java:268) [ApacheJMeter_core.jar:5.6.3]
	at java.base/java.lang.Thread.run(Thread.java:840) [?:?]
Caused by: groovy.json.JsonException: Unable to determine the current character, it is not a string, number, array, or object

The current character read is 'o' with an int value of 111
Unable to determine the current character, it is not a string, number, array, or object
line number 1
index number 0
org.apache.http.conn.HttpHostConnectException: Connect to localhost:8080 [localhost/127.0.0.1] failed: Connection refused
^
	at org.apache.groovy.json.internal.JsonParserCharArray.decodeValueInternal(JsonParserCharArray.java:202) ~[groovy-json-3.0.20.jar:3.0.20]
	at org.apache.groovy.json.internal.JsonParserCharArray.decodeValue(JsonParserCharArray.java:153) ~[groovy-json-3.0.20.jar:3.0.20]
	at org.apache.groovy.json.internal.JsonParserCharArray.decodeFromChars(JsonParserCharArray.java:43) ~[groovy-json-3.0.20.jar:3.0.20]
	at org.apache.groovy.json.internal.JsonParserCharArray.parse(JsonParserCharArray.java:380) ~[groovy-json-3.0.20.jar:3.0.20]
	at org.apache.groovy.json.internal.BaseJsonParser.parse(BaseJsonParser.java:113) ~[groovy-json-3.0.20.jar:3.0.20]
	at groovy.json.JsonSlurper.parseText(JsonSlurper.java:204) ~[groovy-json-3.0.20.jar:3.0.20]
	at groovy.json.JsonSlurper$parseText.call(Unknown Source) ~[?:?]
	at Script1.run(Script1.groovy:3) ~[?:?]
	at org.codehaus.groovy.jsr223.GroovyScriptEngineImpl.eval(GroovyScriptEngineImpl.java:317) ~[groovy-jsr223-3.0.20.jar:3.0.20]
	... 9 more
2026-04-01 21:16:20,965 INFO o.a.j.t.JMeterThread: Thread is done: Thread Group A - unsafe 1-1
2026-04-01 21:16:20,965 INFO o.a.j.t.JMeterThread: Thread finished: Thread Group A - unsafe 1-1
2026-04-01 21:16:20,966 INFO o.a.j.e.StandardJMeterEngine: Starting ThreadGroup: 2 : Thread Group B - safe
2026-04-01 21:16:20,966 INFO o.a.j.e.StandardJMeterEngine: Starting 1 threads for group Thread Group B - safe.
2026-04-01 21:16:20,966 INFO o.a.j.e.StandardJMeterEngine: Thread will continue on error
2026-04-01 21:16:20,966 INFO o.a.j.t.ThreadGroup: Starting thread group... number=2 threads=1 ramp-up=1 delayedStart=false
2026-04-01 21:16:20,967 INFO o.a.j.t.ThreadGroup: Started thread group number 2
2026-04-01 21:16:20,967 INFO o.a.j.e.StandardJMeterEngine: All thread groups have been started
2026-04-01 21:16:20,968 INFO o.a.j.t.JMeterThread: Thread started: Thread Group B - safe 2-1
2026-04-01 21:16:20,973 ERROR o.a.j.e.JSR223PostProcessor: Problem in JSR223 script, Extract race metrics (safe)
javax.script.ScriptException: groovy.json.JsonException: Unable to determine the current character, it is not a string, number, array, or object

The current character read is 'o' with an int value of 111
Unable to determine the current character, it is not a string, number, array, or object
line number 1
index number 0
org.apache.http.conn.HttpHostConnectException: Connect to localhost:8080 [localhost/127.0.0.1] failed: Connection refused
^
	at org.codehaus.groovy.jsr223.GroovyScriptEngineImpl.eval(GroovyScriptEngineImpl.java:320) ~[groovy-jsr223-3.0.20.jar:3.0.20]
	at org.codehaus.groovy.jsr223.GroovyCompiledScript.eval(GroovyCompiledScript.java:71) ~[groovy-jsr223-3.0.20.jar:3.0.20]
	at java.scripting/javax.script.CompiledScript.eval(CompiledScript.java:93) ~[java.scripting:?]
	at org.apache.jmeter.util.JSR223TestElement.processFileOrScript(JSR223TestElement.java:230) ~[ApacheJMeter_core.jar:5.6.3]
	at org.apache.jmeter.extractor.JSR223PostProcessor.process(JSR223PostProcessor.java:45) [ApacheJMeter_components.jar:5.6.3]
	at org.apache.jmeter.threads.JMeterThread.runPostProcessors(JMeterThread.java:973) [ApacheJMeter_core.jar:5.6.3]
	at org.apache.jmeter.threads.JMeterThread.executeSamplePackage(JMeterThread.java:585) [ApacheJMeter_core.jar:5.6.3]
	at org.apache.jmeter.threads.JMeterThread.processSampler(JMeterThread.java:501) [ApacheJMeter_core.jar:5.6.3]
	at org.apache.jmeter.threads.JMeterThread.run(JMeterThread.java:268) [ApacheJMeter_core.jar:5.6.3]
	at java.base/java.lang.Thread.run(Thread.java:840) [?:?]
Caused by: groovy.json.JsonException: Unable to determine the current character, it is not a string, number, array, or object

The current character read is 'o' with an int value of 111
Unable to determine the current character, it is not a string, number, array, or object
line number 1
index number 0
org.apache.http.conn.HttpHostConnectException: Connect to localhost:8080 [localhost/127.0.0.1] failed: Connection refused
^
	at org.apache.groovy.json.internal.JsonParserCharArray.decodeValueInternal(JsonParserCharArray.java:202) ~[groovy-json-3.0.20.jar:3.0.20]
	at org.apache.groovy.json.internal.JsonParserCharArray.decodeValue(JsonParserCharArray.java:153) ~[groovy-json-3.0.20.jar:3.0.20]
	at org.apache.groovy.json.internal.JsonParserCharArray.decodeFromChars(JsonParserCharArray.java:43) ~[groovy-json-3.0.20.jar:3.0.20]
	at org.apache.groovy.json.internal.JsonParserCharArray.parse(JsonParserCharArray.java:380) ~[groovy-json-3.0.20.jar:3.0.20]
	at org.apache.groovy.json.internal.BaseJsonParser.parse(BaseJsonParser.java:113) ~[groovy-json-3.0.20.jar:3.0.20]
	at groovy.json.JsonSlurper.parseText(JsonSlurper.java:204) ~[groovy-json-3.0.20.jar:3.0.20]
	at groovy.json.JsonSlurper$parseText.call(Unknown Source) ~[?:?]
	at Script1.run(Script1.groovy:3) ~[?:?]
	at org.codehaus.groovy.jsr223.GroovyScriptEngineImpl.eval(GroovyScriptEngineImpl.java:317) ~[groovy-jsr223-3.0.20.jar:3.0.20]
	... 9 more
2026-04-01 21:16:21,068 ERROR o.a.j.a.JSR223Assertion: Problem in JSR223 script: Assert lostUpdates == 0 (safe)
javax.script.ScriptException: groovy.json.JsonException: Unable to determine the current character, it is not a string, number, array, or object

The current character read is 'o' with an int value of 111
Unable to determine the current character, it is not a string, number, array, or object
line number 1
index number 0
org.apache.http.conn.HttpHostConnectException: Connect to localhost:8080 [localhost/127.0.0.1] failed: Connection refused
^
	at org.codehaus.groovy.jsr223.GroovyScriptEngineImpl.eval(GroovyScriptEngineImpl.java:320) ~[groovy-jsr223-3.0.20.jar:3.0.20]
	at org.codehaus.groovy.jsr223.GroovyCompiledScript.eval(GroovyCompiledScript.java:71) ~[groovy-jsr223-3.0.20.jar:3.0.20]
	at java.scripting/javax.script.CompiledScript.eval(CompiledScript.java:93) ~[java.scripting:?]
	at org.apache.jmeter.util.JSR223TestElement.processFileOrScript(JSR223TestElement.java:230) ~[ApacheJMeter_core.jar:5.6.3]
	at org.apache.jmeter.assertions.JSR223Assertion.getResult(JSR223Assertion.java:50) [ApacheJMeter_components.jar:5.6.3]
	at org.apache.jmeter.threads.JMeterThread.processAssertion(JMeterThread.java:949) [ApacheJMeter_core.jar:5.6.3]
	at org.apache.jmeter.threads.JMeterThread.checkAssertions(JMeterThread.java:918) [ApacheJMeter_core.jar:5.6.3]
	at org.apache.jmeter.threads.JMeterThread.executeSamplePackage(JMeterThread.java:586) [ApacheJMeter_core.jar:5.6.3]
	at org.apache.jmeter.threads.JMeterThread.processSampler(JMeterThread.java:501) [ApacheJMeter_core.jar:5.6.3]
	at org.apache.jmeter.threads.JMeterThread.run(JMeterThread.java:268) [ApacheJMeter_core.jar:5.6.3]
	at java.base/java.lang.Thread.run(Thread.java:840) [?:?]
Caused by: groovy.json.JsonException: Unable to determine the current character, it is not a string, number, array, or object

The current character read is 'o' with an int value of 111
Unable to determine the current character, it is not a string, number, array, or object
line number 1
index number 0
org.apache.http.conn.HttpHostConnectException: Connect to localhost:8080 [localhost/127.0.0.1] failed: Connection refused
^
	at org.apache.groovy.json.internal.JsonParserCharArray.decodeValueInternal(JsonParserCharArray.java:202) ~[groovy-json-3.0.20.jar:3.0.20]
	at org.apache.groovy.json.internal.JsonParserCharArray.decodeValue(JsonParserCharArray.java:153) ~[groovy-json-3.0.20.jar:3.0.20]
	at org.apache.groovy.json.internal.JsonParserCharArray.decodeFromChars(JsonParserCharArray.java:43) ~[groovy-json-3.0.20.jar:3.0.20]
	at org.apache.groovy.json.internal.JsonParserCharArray.parse(JsonParserCharArray.java:380) ~[groovy-json-3.0.20.jar:3.0.20]
	at org.apache.groovy.json.internal.BaseJsonParser.parse(BaseJsonParser.java:113) ~[groovy-json-3.0.20.jar:3.0.20]
	at groovy.json.JsonSlurper.parseText(JsonSlurper.java:204) ~[groovy-json-3.0.20.jar:3.0.20]
	at groovy.json.JsonSlurper$parseText.call(Unknown Source) ~[?:?]
	at org.codehaus.groovy.runtime.callsite.CallSiteArray.defaultCall(CallSiteArray.java:47) ~[groovy-3.0.20.jar:3.0.20]
	at org.codehaus.groovy.runtime.callsite.AbstractCallSite.call(AbstractCallSite.java:125) ~[groovy-3.0.20.jar:3.0.20]
	at org.codehaus.groovy.runtime.callsite.AbstractCallSite.call(AbstractCallSite.java:139) ~[groovy-3.0.20.jar:3.0.20]
	at Script2.run(Script2.groovy:4) ~[?:?]
	at org.codehaus.groovy.jsr223.GroovyScriptEngineImpl.eval(GroovyScriptEngineImpl.java:317) ~[groovy-jsr223-3.0.20.jar:3.0.20]
	... 10 more
2026-04-01 21:16:21,072 ERROR o.a.j.e.JSR223PostProcessor: Problem in JSR223 script, Extract race metrics (safe)
javax.script.ScriptException: groovy.json.JsonException: Unable to determine the current character, it is not a string, number, array, or object

The current character read is 'o' with an int value of 111
Unable to determine the current character, it is not a string, number, array, or object
line number 1
index number 0
org.apache.http.conn.HttpHostConnectException: Connect to localhost:8080 [localhost/127.0.0.1] failed: Connection refused
^
	at org.codehaus.groovy.jsr223.GroovyScriptEngineImpl.eval(GroovyScriptEngineImpl.java:320) ~[groovy-jsr223-3.0.20.jar:3.0.20]
	at org.codehaus.groovy.jsr223.GroovyCompiledScript.eval(GroovyCompiledScript.java:71) ~[groovy-jsr223-3.0.20.jar:3.0.20]
	at java.scripting/javax.script.CompiledScript.eval(CompiledScript.java:93) ~[java.scripting:?]
	at org.apache.jmeter.util.JSR223TestElement.processFileOrScript(JSR223TestElement.java:230) ~[ApacheJMeter_core.jar:5.6.3]
	at org.apache.jmeter.extractor.JSR223PostProcessor.process(JSR223PostProcessor.java:45) [ApacheJMeter_components.jar:5.6.3]
	at org.apache.jmeter.threads.JMeterThread.runPostProcessors(JMeterThread.java:973) [ApacheJMeter_core.jar:5.6.3]
	at org.apache.jmeter.threads.JMeterThread.executeSamplePackage(JMeterThread.java:585) [ApacheJMeter_core.jar:5.6.3]
	at org.apache.jmeter.threads.JMeterThread.processSampler(JMeterThread.java:501) [ApacheJMeter_core.jar:5.6.3]
	at org.apache.jmeter.threads.JMeterThread.run(JMeterThread.java:268) [ApacheJMeter_core.jar:5.6.3]
	at java.base/java.lang.Thread.run(Thread.java:840) [?:?]
Caused by: groovy.json.JsonException: Unable to determine the current character, it is not a string, number, array, or object

The current character read is 'o' with an int value of 111
Unable to determine the current character, it is not a string, number, array, or object
line number 1
index number 0
org.apache.http.conn.HttpHostConnectException: Connect to localhost:8080 [localhost/127.0.0.1] failed: Connection refused
^
	at org.apache.groovy.json.internal.JsonParserCharArray.decodeValueInternal(JsonParserCharArray.java:202) ~[groovy-json-3.0.20.jar:3.0.20]
	at org.apache.groovy.json.internal.JsonParserCharArray.decodeValue(JsonParserCharArray.java:153) ~[groovy-json-3.0.20.jar:3.0.20]
	at org.apache.groovy.json.internal.JsonParserCharArray.decodeFromChars(JsonParserCharArray.java:43) ~[groovy-json-3.0.20.jar:3.0.20]
	at org.apache.groovy.json.internal.JsonParserCharArray.parse(JsonParserCharArray.java:380) ~[groovy-json-3.0.20.jar:3.0.20]
	at org.apache.groovy.json.internal.BaseJsonParser.parse(BaseJsonParser.java:113) ~[groovy-json-3.0.20.jar:3.0.20]
	at groovy.json.JsonSlurper.parseText(JsonSlurper.java:204) ~[groovy-json-3.0.20.jar:3.0.20]
	at groovy.json.JsonSlurper$parseText.call(Unknown Source) ~[?:?]
	at Script1.run(Script1.groovy:3) ~[?:?]
	at org.codehaus.groovy.jsr223.GroovyScriptEngineImpl.eval(GroovyScriptEngineImpl.java:317) ~[groovy-jsr223-3.0.20.jar:3.0.20]
	... 9 more
2026-04-01 21:16:21,074 ERROR o.a.j.a.JSR223Assertion: Problem in JSR223 script: Assert lostUpdates == 0 (safe)
javax.script.ScriptException: groovy.json.JsonException: Unable to determine the current character, it is not a string, number, array, or object

The current character read is 'o' with an int value of 111
Unable to determine the current character, it is not a string, number, array, or object
line number 1
index number 0
org.apache.http.conn.HttpHostConnectException: Connect to localhost:8080 [localhost/127.0.0.1] failed: Connection refused
^
	at org.codehaus.groovy.jsr223.GroovyScriptEngineImpl.eval(GroovyScriptEngineImpl.java:320) ~[groovy-jsr223-3.0.20.jar:3.0.20]
	at org.codehaus.groovy.jsr223.GroovyCompiledScript.eval(GroovyCompiledScript.java:71) ~[groovy-jsr223-3.0.20.jar:3.0.20]
	at java.scripting/javax.script.CompiledScript.eval(CompiledScript.java:93) ~[java.scripting:?]
	at org.apache.jmeter.util.JSR223TestElement.processFileOrScript(JSR223TestElement.java:230) ~[ApacheJMeter_core.jar:5.6.3]
	at org.apache.jmeter.assertions.JSR223Assertion.getResult(JSR223Assertion.java:50) [ApacheJMeter_components.jar:5.6.3]
	at org.apache.jmeter.threads.JMeterThread.processAssertion(JMeterThread.java:949) [ApacheJMeter_core.jar:5.6.3]
	at org.apache.jmeter.threads.JMeterThread.checkAssertions(JMeterThread.java:918) [ApacheJMeter_core.jar:5.6.3]
	at org.apache.jmeter.threads.JMeterThread.executeSamplePackage(JMeterThread.java:586) [ApacheJMeter_core.jar:5.6.3]
	at org.apache.jmeter.threads.JMeterThread.processSampler(JMeterThread.java:501) [ApacheJMeter_core.jar:5.6.3]
	at org.apache.jmeter.threads.JMeterThread.run(JMeterThread.java:268) [ApacheJMeter_core.jar:5.6.3]
	at java.base/java.lang.Thread.run(Thread.java:840) [?:?]
Caused by: groovy.json.JsonException: Unable to determine the current character, it is not a string, number, array, or object

The current character read is 'o' with an int value of 111
Unable to determine the current character, it is not a string, number, array, or object
line number 1
index number 0
org.apache.http.conn.HttpHostConnectException: Connect to localhost:8080 [localhost/127.0.0.1] failed: Connection refused
^
	at org.apache.groovy.json.internal.JsonParserCharArray.decodeValueInternal(JsonParserCharArray.java:202) ~[groovy-json-3.0.20.jar:3.0.20]
	at org.apache.groovy.json.internal.JsonParserCharArray.decodeValue(JsonParserCharArray.java:153) ~[groovy-json-3.0.20.jar:3.0.20]
	at org.apache.groovy.json.internal.JsonParserCharArray.decodeFromChars(JsonParserCharArray.java:43) ~[groovy-json-3.0.20.jar:3.0.20]
	at org.apache.groovy.json.internal.JsonParserCharArray.parse(JsonParserCharArray.java:380) ~[groovy-json-3.0.20.jar:3.0.20]
	at org.apache.groovy.json.internal.BaseJsonParser.parse(BaseJsonParser.java:113) ~[groovy-json-3.0.20.jar:3.0.20]
	at groovy.json.JsonSlurper.parseText(JsonSlurper.java:204) ~[groovy-json-3.0.20.jar:3.0.20]
	at groovy.json.JsonSlurper$parseText.call(Unknown Source) ~[?:?]
	at Script2.run(Script2.groovy:4) ~[?:?]
	at org.codehaus.groovy.jsr223.GroovyScriptEngineImpl.eval(GroovyScriptEngineImpl.java:317) ~[groovy-jsr223-3.0.20.jar:3.0.20]
	... 10 more
2026-04-01 21:16:21,078 ERROR o.a.j.e.JSR223PostProcessor: Problem in JSR223 script, Extract race metrics (safe)
javax.script.ScriptException: groovy.json.JsonException: Unable to determine the current character, it is not a string, number, array, or object

The current character read is 'o' with an int value of 111
Unable to determine the current character, it is not a string, number, array, or object
line number 1
index number 0
org.apache.http.conn.HttpHostConnectException: Connect to localhost:8080 [localhost/127.0.0.1] failed: Connection refused
^
	at org.codehaus.groovy.jsr223.GroovyScriptEngineImpl.eval(GroovyScriptEngineImpl.java:320) ~[groovy-jsr223-3.0.20.jar:3.0.20]
	at org.codehaus.groovy.jsr223.GroovyCompiledScript.eval(GroovyCompiledScript.java:71) ~[groovy-jsr223-3.0.20.jar:3.0.20]
	at java.scripting/javax.script.CompiledScript.eval(CompiledScript.java:93) ~[java.scripting:?]
	at org.apache.jmeter.util.JSR223TestElement.processFileOrScript(JSR223TestElement.java:230) ~[ApacheJMeter_core.jar:5.6.3]
	at org.apache.jmeter.extractor.JSR223PostProcessor.process(JSR223PostProcessor.java:45) [ApacheJMeter_components.jar:5.6.3]
	at org.apache.jmeter.threads.JMeterThread.runPostProcessors(JMeterThread.java:973) [ApacheJMeter_core.jar:5.6.3]
	at org.apache.jmeter.threads.JMeterThread.executeSamplePackage(JMeterThread.java:585) [ApacheJMeter_core.jar:5.6.3]
	at org.apache.jmeter.threads.JMeterThread.processSampler(JMeterThread.java:501) [ApacheJMeter_core.jar:5.6.3]
	at org.apache.jmeter.threads.JMeterThread.run(JMeterThread.java:268) [ApacheJMeter_core.jar:5.6.3]
	at java.base/java.lang.Thread.run(Thread.java:840) [?:?]
Caused by: groovy.json.JsonException: Unable to determine the current character, it is not a string, number, array, or object

The current character read is 'o' with an int value of 111
Unable to determine the current character, it is not a string, number, array, or object
line number 1
index number 0
org.apache.http.conn.HttpHostConnectException: Connect to localhost:8080 [localhost/127.0.0.1] failed: Connection refused
^
	at org.apache.groovy.json.internal.JsonParserCharArray.decodeValueInternal(JsonParserCharArray.java:202) ~[groovy-json-3.0.20.jar:3.0.20]
	at org.apache.groovy.json.internal.JsonParserCharArray.decodeValue(JsonParserCharArray.java:153) ~[groovy-json-3.0.20.jar:3.0.20]
	at org.apache.groovy.json.internal.JsonParserCharArray.decodeFromChars(JsonParserCharArray.java:43) ~[groovy-json-3.0.20.jar:3.0.20]
	at org.apache.groovy.json.internal.JsonParserCharArray.parse(JsonParserCharArray.java:380) ~[groovy-json-3.0.20.jar:3.0.20]
	at org.apache.groovy.json.internal.BaseJsonParser.parse(BaseJsonParser.java:113) ~[groovy-json-3.0.20.jar:3.0.20]
	at groovy.json.JsonSlurper.parseText(JsonSlurper.java:204) ~[groovy-json-3.0.20.jar:3.0.20]
	at groovy.json.JsonSlurper$parseText.call(Unknown Source) ~[?:?]
	at Script1.run(Script1.groovy:3) ~[?:?]
	at org.codehaus.groovy.jsr223.GroovyScriptEngineImpl.eval(GroovyScriptEngineImpl.java:317) ~[groovy-jsr223-3.0.20.jar:3.0.20]
	... 9 more
2026-04-01 21:16:21,080 ERROR o.a.j.a.JSR223Assertion: Problem in JSR223 script: Assert lostUpdates == 0 (safe)
javax.script.ScriptException: groovy.json.JsonException: Unable to determine the current character, it is not a string, number, array, or object

The current character read is 'o' with an int value of 111
Unable to determine the current character, it is not a string, number, array, or object
line number 1
index number 0
org.apache.http.conn.HttpHostConnectException: Connect to localhost:8080 [localhost/127.0.0.1] failed: Connection refused
^
	at org.codehaus.groovy.jsr223.GroovyScriptEngineImpl.eval(GroovyScriptEngineImpl.java:320) ~[groovy-jsr223-3.0.20.jar:3.0.20]
	at org.codehaus.groovy.jsr223.GroovyCompiledScript.eval(GroovyCompiledScript.java:71) ~[groovy-jsr223-3.0.20.jar:3.0.20]
	at java.scripting/javax.script.CompiledScript.eval(CompiledScript.java:93) ~[java.scripting:?]
	at org.apache.jmeter.util.JSR223TestElement.processFileOrScript(JSR223TestElement.java:230) ~[ApacheJMeter_core.jar:5.6.3]
	at org.apache.jmeter.assertions.JSR223Assertion.getResult(JSR223Assertion.java:50) [ApacheJMeter_components.jar:5.6.3]
	at org.apache.jmeter.threads.JMeterThread.processAssertion(JMeterThread.java:949) [ApacheJMeter_core.jar:5.6.3]
	at org.apache.jmeter.threads.JMeterThread.checkAssertions(JMeterThread.java:918) [ApacheJMeter_core.jar:5.6.3]
	at org.apache.jmeter.threads.JMeterThread.executeSamplePackage(JMeterThread.java:586) [ApacheJMeter_core.jar:5.6.3]
	at org.apache.jmeter.threads.JMeterThread.processSampler(JMeterThread.java:501) [ApacheJMeter_core.jar:5.6.3]
	at org.apache.jmeter.threads.JMeterThread.run(JMeterThread.java:268) [ApacheJMeter_core.jar:5.6.3]
	at java.base/java.lang.Thread.run(Thread.java:840) [?:?]
Caused by: groovy.json.JsonException: Unable to determine the current character, it is not a string, number, array, or object

The current character read is 'o' with an int value of 111
Unable to determine the current character, it is not a string, number, array, or object
line number 1
index number 0
org.apache.http.conn.HttpHostConnectException: Connect to localhost:8080 [localhost/127.0.0.1] failed: Connection refused
^
	at org.apache.groovy.json.internal.JsonParserCharArray.decodeValueInternal(JsonParserCharArray.java:202) ~[groovy-json-3.0.20.jar:3.0.20]
	at org.apache.groovy.json.internal.JsonParserCharArray.decodeValue(JsonParserCharArray.java:153) ~[groovy-json-3.0.20.jar:3.0.20]
	at org.apache.groovy.json.internal.JsonParserCharArray.decodeFromChars(JsonParserCharArray.java:43) ~[groovy-json-3.0.20.jar:3.0.20]
	at org.apache.groovy.json.internal.JsonParserCharArray.parse(JsonParserCharArray.java:380) ~[groovy-json-3.0.20.jar:3.0.20]
	at org.apache.groovy.json.internal.BaseJsonParser.parse(BaseJsonParser.java:113) ~[groovy-json-3.0.20.jar:3.0.20]
	at groovy.json.JsonSlurper.parseText(JsonSlurper.java:204) ~[groovy-json-3.0.20.jar:3.0.20]
	at groovy.json.JsonSlurper$parseText.call(Unknown Source) ~[?:?]
	at Script2.run(Script2.groovy:4) ~[?:?]
	at org.codehaus.groovy.jsr223.GroovyScriptEngineImpl.eval(GroovyScriptEngineImpl.java:317) ~[groovy-jsr223-3.0.20.jar:3.0.20]
	... 10 more
2026-04-01 21:16:21,086 ERROR o.a.j.e.JSR223PostProcessor: Problem in JSR223 script, Extract race metrics (safe)
javax.script.ScriptException: groovy.json.JsonException: Unable to determine the current character, it is not a string, number, array, or object

The current character read is 'o' with an int value of 111
Unable to determine the current character, it is not a string, number, array, or object
line number 1
index number 0
org.apache.http.conn.HttpHostConnectException: Connect to localhost:8080 [localhost/127.0.0.1] failed: Connection refused
^
	at org.codehaus.groovy.jsr223.GroovyScriptEngineImpl.eval(GroovyScriptEngineImpl.java:320) ~[groovy-jsr223-3.0.20.jar:3.0.20]
	at org.codehaus.groovy.jsr223.GroovyCompiledScript.eval(GroovyCompiledScript.java:71) ~[groovy-jsr223-3.0.20.jar:3.0.20]
	at java.scripting/javax.script.CompiledScript.eval(CompiledScript.java:93) ~[java.scripting:?]
	at org.apache.jmeter.util.JSR223TestElement.processFileOrScript(JSR223TestElement.java:230) ~[ApacheJMeter_core.jar:5.6.3]
	at org.apache.jmeter.extractor.JSR223PostProcessor.process(JSR223PostProcessor.java:45) [ApacheJMeter_components.jar:5.6.3]
	at org.apache.jmeter.threads.JMeterThread.runPostProcessors(JMeterThread.java:973) [ApacheJMeter_core.jar:5.6.3]
	at org.apache.jmeter.threads.JMeterThread.executeSamplePackage(JMeterThread.java:585) [ApacheJMeter_core.jar:5.6.3]
	at org.apache.jmeter.threads.JMeterThread.processSampler(JMeterThread.java:501) [ApacheJMeter_core.jar:5.6.3]
	at org.apache.jmeter.threads.JMeterThread.run(JMeterThread.java:268) [ApacheJMeter_core.jar:5.6.3]
	at java.base/java.lang.Thread.run(Thread.java:840) [?:?]
Caused by: groovy.json.JsonException: Unable to determine the current character, it is not a string, number, array, or object

The current character read is 'o' with an int value of 111
Unable to determine the current character, it is not a string, number, array, or object
line number 1
index number 0
org.apache.http.conn.HttpHostConnectException: Connect to localhost:8080 [localhost/127.0.0.1] failed: Connection refused
^
	at org.apache.groovy.json.internal.JsonParserCharArray.decodeValueInternal(JsonParserCharArray.java:202) ~[groovy-json-3.0.20.jar:3.0.20]
	at org.apache.groovy.json.internal.JsonParserCharArray.decodeValue(JsonParserCharArray.java:153) ~[groovy-json-3.0.20.jar:3.0.20]
	at org.apache.groovy.json.internal.JsonParserCharArray.decodeFromChars(JsonParserCharArray.java:43) ~[groovy-json-3.0.20.jar:3.0.20]
	at org.apache.groovy.json.internal.JsonParserCharArray.parse(JsonParserCharArray.java:380) ~[groovy-json-3.0.20.jar:3.0.20]
	at org.apache.groovy.json.internal.BaseJsonParser.parse(BaseJsonParser.java:113) ~[groovy-json-3.0.20.jar:3.0.20]
	at groovy.json.JsonSlurper.parseText(JsonSlurper.java:204) ~[groovy-json-3.0.20.jar:3.0.20]
	at groovy.json.JsonSlurper$parseText.call(Unknown Source) ~[?:?]
	at Script1.run(Script1.groovy:3) ~[?:?]
	at org.codehaus.groovy.jsr223.GroovyScriptEngineImpl.eval(GroovyScriptEngineImpl.java:317) ~[groovy-jsr223-3.0.20.jar:3.0.20]
	... 9 more
2026-04-01 21:16:21,090 ERROR o.a.j.a.JSR223Assertion: Problem in JSR223 script: Assert lostUpdates == 0 (safe)
javax.script.ScriptException: groovy.json.JsonException: Unable to determine the current character, it is not a string, number, array, or object

The current character read is 'o' with an int value of 111
Unable to determine the current character, it is not a string, number, array, or object
line number 1
index number 0
org.apache.http.conn.HttpHostConnectException: Connect to localhost:8080 [localhost/127.0.0.1] failed: Connection refused
^
	at org.codehaus.groovy.jsr223.GroovyScriptEngineImpl.eval(GroovyScriptEngineImpl.java:320) ~[groovy-jsr223-3.0.20.jar:3.0.20]
	at org.codehaus.groovy.jsr223.GroovyCompiledScript.eval(GroovyCompiledScript.java:71) ~[groovy-jsr223-3.0.20.jar:3.0.20]
	at java.scripting/javax.script.CompiledScript.eval(CompiledScript.java:93) ~[java.scripting:?]
	at org.apache.jmeter.util.JSR223TestElement.processFileOrScript(JSR223TestElement.java:230) ~[ApacheJMeter_core.jar:5.6.3]
	at org.apache.jmeter.assertions.JSR223Assertion.getResult(JSR223Assertion.java:50) [ApacheJMeter_components.jar:5.6.3]
	at org.apache.jmeter.threads.JMeterThread.processAssertion(JMeterThread.java:949) [ApacheJMeter_core.jar:5.6.3]
	at org.apache.jmeter.threads.JMeterThread.checkAssertions(JMeterThread.java:918) [ApacheJMeter_core.jar:5.6.3]
	at org.apache.jmeter.threads.JMeterThread.executeSamplePackage(JMeterThread.java:586) [ApacheJMeter_core.jar:5.6.3]
	at org.apache.jmeter.threads.JMeterThread.processSampler(JMeterThread.java:501) [ApacheJMeter_core.jar:5.6.3]
	at org.apache.jmeter.threads.JMeterThread.run(JMeterThread.java:268) [ApacheJMeter_core.jar:5.6.3]
	at java.base/java.lang.Thread.run(Thread.java:840) [?:?]
Caused by: groovy.json.JsonException: Unable to determine the current character, it is not a string, number, array, or object

The current character read is 'o' with an int value of 111
Unable to determine the current character, it is not a string, number, array, or object
line number 1
index number 0
org.apache.http.conn.HttpHostConnectException: Connect to localhost:8080 [localhost/127.0.0.1] failed: Connection refused
^
	at org.apache.groovy.json.internal.JsonParserCharArray.decodeValueInternal(JsonParserCharArray.java:202) ~[groovy-json-3.0.20.jar:3.0.20]
	at org.apache.groovy.json.internal.JsonParserCharArray.decodeValue(JsonParserCharArray.java:153) ~[groovy-json-3.0.20.jar:3.0.20]
	at org.apache.groovy.json.internal.JsonParserCharArray.decodeFromChars(JsonParserCharArray.java:43) ~[groovy-json-3.0.20.jar:3.0.20]
	at org.apache.groovy.json.internal.JsonParserCharArray.parse(JsonParserCharArray.java:380) ~[groovy-json-3.0.20.jar:3.0.20]
	at org.apache.groovy.json.internal.BaseJsonParser.parse(BaseJsonParser.java:113) ~[groovy-json-3.0.20.jar:3.0.20]
	at groovy.json.JsonSlurper.parseText(JsonSlurper.java:204) ~[groovy-json-3.0.20.jar:3.0.20]
	at groovy.json.JsonSlurper$parseText.call(Unknown Source) ~[?:?]
	at Script2.run(Script2.groovy:4) ~[?:?]
	at org.codehaus.groovy.jsr223.GroovyScriptEngineImpl.eval(GroovyScriptEngineImpl.java:317) ~[groovy-jsr223-3.0.20.jar:3.0.20]
	... 10 more
2026-04-01 21:16:21,094 ERROR o.a.j.e.JSR223PostProcessor: Problem in JSR223 script, Extract race metrics (safe)
javax.script.ScriptException: groovy.json.JsonException: Unable to determine the current character, it is not a string, number, array, or object

The current character read is 'o' with an int value of 111
Unable to determine the current character, it is not a string, number, array, or object
line number 1
index number 0
org.apache.http.conn.HttpHostConnectException: Connect to localhost:8080 [localhost/127.0.0.1] failed: Connection refused
^
	at org.codehaus.groovy.jsr223.GroovyScriptEngineImpl.eval(GroovyScriptEngineImpl.java:320) ~[groovy-jsr223-3.0.20.jar:3.0.20]
	at org.codehaus.groovy.jsr223.GroovyCompiledScript.eval(GroovyCompiledScript.java:71) ~[groovy-jsr223-3.0.20.jar:3.0.20]
	at java.scripting/javax.script.CompiledScript.eval(CompiledScript.java:93) ~[java.scripting:?]
	at org.apache.jmeter.util.JSR223TestElement.processFileOrScript(JSR223TestElement.java:230) ~[ApacheJMeter_core.jar:5.6.3]
	at org.apache.jmeter.extractor.JSR223PostProcessor.process(JSR223PostProcessor.java:45) [ApacheJMeter_components.jar:5.6.3]
	at org.apache.jmeter.threads.JMeterThread.runPostProcessors(JMeterThread.java:973) [ApacheJMeter_core.jar:5.6.3]
	at org.apache.jmeter.threads.JMeterThread.executeSamplePackage(JMeterThread.java:585) [ApacheJMeter_core.jar:5.6.3]
	at org.apache.jmeter.threads.JMeterThread.processSampler(JMeterThread.java:501) [ApacheJMeter_core.jar:5.6.3]
	at org.apache.jmeter.threads.JMeterThread.run(JMeterThread.java:268) [ApacheJMeter_core.jar:5.6.3]
	at java.base/java.lang.Thread.run(Thread.java:840) [?:?]
Caused by: groovy.json.JsonException: Unable to determine the current character, it is not a string, number, array, or object

The current character read is 'o' with an int value of 111
Unable to determine the current character, it is not a string, number, array, or object
line number 1
index number 0
org.apache.http.conn.HttpHostConnectException: Connect to localhost:8080 [localhost/127.0.0.1] failed: Connection refused
^
	at org.apache.groovy.json.internal.JsonParserCharArray.decodeValueInternal(JsonParserCharArray.java:202) ~[groovy-json-3.0.20.jar:3.0.20]
	at org.apache.groovy.json.internal.JsonParserCharArray.decodeValue(JsonParserCharArray.java:153) ~[groovy-json-3.0.20.jar:3.0.20]
	at org.apache.groovy.json.internal.JsonParserCharArray.decodeFromChars(JsonParserCharArray.java:43) ~[groovy-json-3.0.20.jar:3.0.20]
	at org.apache.groovy.json.internal.JsonParserCharArray.parse(JsonParserCharArray.java:380) ~[groovy-json-3.0.20.jar:3.0.20]
	at org.apache.groovy.json.internal.BaseJsonParser.parse(BaseJsonParser.java:113) ~[groovy-json-3.0.20.jar:3.0.20]
	at groovy.json.JsonSlurper.parseText(JsonSlurper.java:204) ~[groovy-json-3.0.20.jar:3.0.20]
	at groovy.json.JsonSlurper$parseText.call(Unknown Source) ~[?:?]
	at Script1.run(Script1.groovy:3) ~[?:?]
	at org.codehaus.groovy.jsr223.GroovyScriptEngineImpl.eval(GroovyScriptEngineImpl.java:317) ~[groovy-jsr223-3.0.20.jar:3.0.20]
	... 9 more
2026-04-01 21:16:21,095 ERROR o.a.j.a.JSR223Assertion: Problem in JSR223 script: Assert lostUpdates == 0 (safe)
javax.script.ScriptException: groovy.json.JsonException: Unable to determine the current character, it is not a string, number, array, or object

The current character read is 'o' with an int value of 111
Unable to determine the current character, it is not a string, number, array, or object
line number 1
index number 0
org.apache.http.conn.HttpHostConnectException: Connect to localhost:8080 [localhost/127.0.0.1] failed: Connection refused
^
	at org.codehaus.groovy.jsr223.GroovyScriptEngineImpl.eval(GroovyScriptEngineImpl.java:320) ~[groovy-jsr223-3.0.20.jar:3.0.20]
	at org.codehaus.groovy.jsr223.GroovyCompiledScript.eval(GroovyCompiledScript.java:71) ~[groovy-jsr223-3.0.20.jar:3.0.20]
	at java.scripting/javax.script.CompiledScript.eval(CompiledScript.java:93) ~[java.scripting:?]
	at org.apache.jmeter.util.JSR223TestElement.processFileOrScript(JSR223TestElement.java:230) ~[ApacheJMeter_core.jar:5.6.3]
	at org.apache.jmeter.assertions.JSR223Assertion.getResult(JSR223Assertion.java:50) [ApacheJMeter_components.jar:5.6.3]
	at org.apache.jmeter.threads.JMeterThread.processAssertion(JMeterThread.java:949) [ApacheJMeter_core.jar:5.6.3]
	at org.apache.jmeter.threads.JMeterThread.checkAssertions(JMeterThread.java:918) [ApacheJMeter_core.jar:5.6.3]
	at org.apache.jmeter.threads.JMeterThread.executeSamplePackage(JMeterThread.java:586) [ApacheJMeter_core.jar:5.6.3]
	at org.apache.jmeter.threads.JMeterThread.processSampler(JMeterThread.java:501) [ApacheJMeter_core.jar:5.6.3]
	at org.apache.jmeter.threads.JMeterThread.run(JMeterThread.java:268) [ApacheJMeter_core.jar:5.6.3]
	at java.base/java.lang.Thread.run(Thread.java:840) [?:?]
Caused by: groovy.json.JsonException: Unable to determine the current character, it is not a string, number, array, or object

The current character read is 'o' with an int value of 111
Unable to determine the current character, it is not a string, number, array, or object
line number 1
index number 0
org.apache.http.conn.HttpHostConnectException: Connect to localhost:8080 [localhost/127.0.0.1] failed: Connection refused
^
	at org.apache.groovy.json.internal.JsonParserCharArray.decodeValueInternal(JsonParserCharArray.java:202) ~[groovy-json-3.0.20.jar:3.0.20]
	at org.apache.groovy.json.internal.JsonParserCharArray.decodeValue(JsonParserCharArray.java:153) ~[groovy-json-3.0.20.jar:3.0.20]
	at org.apache.groovy.json.internal.JsonParserCharArray.decodeFromChars(JsonParserCharArray.java:43) ~[groovy-json-3.0.20.jar:3.0.20]
	at org.apache.groovy.json.internal.JsonParserCharArray.parse(JsonParserCharArray.java:380) ~[groovy-json-3.0.20.jar:3.0.20]
	at org.apache.groovy.json.internal.BaseJsonParser.parse(BaseJsonParser.java:113) ~[groovy-json-3.0.20.jar:3.0.20]
	at groovy.json.JsonSlurper.parseText(JsonSlurper.java:204) ~[groovy-json-3.0.20.jar:3.0.20]
	at groovy.json.JsonSlurper$parseText.call(Unknown Source) ~[?:?]
	at Script2.run(Script2.groovy:4) ~[?:?]
	at org.codehaus.groovy.jsr223.GroovyScriptEngineImpl.eval(GroovyScriptEngineImpl.java:317) ~[groovy-jsr223-3.0.20.jar:3.0.20]
	... 10 more
2026-04-01 21:16:21,096 INFO o.a.j.t.JMeterThread: Thread is done: Thread Group B - safe 2-1
2026-04-01 21:16:21,097 INFO o.a.j.t.JMeterThread: Thread finished: Thread Group B - safe 2-1
2026-04-01 21:16:21,097 INFO o.a.j.e.StandardJMeterEngine: Notifying test listeners of end of test
2026-04-01 21:16:21,103 INFO o.a.j.r.Summariser: summary =     10 in 00:00:01 =   10.2/s Avg:     3 Min:     0 Max:    29 Err:    10 (100.00%)
